#
# There is insufficient memory for the Java Runtime Environment to continue.
# Native memory allocation (malloc) failed to allocate 1048576 bytes for AllocateHeap
# Possible reasons:
#   The system is out of physical RAM or swap space
#   The process is running with CompressedOops enabled, and the Java Heap may be blocking the growth of the native heap
# Possible solutions:
#   Reduce memory load on the system
#   Increase physical memory or swap space
#   Check if swap backing store is full
#   Decrease Java heap size (-Xmx/-Xms)
#   Decrease number of Java threads
#   Decrease Java thread stack sizes (-Xss)
#   Set larger code cache with -XX:ReservedCodeCacheSize=
#   JVM is running with Unscaled Compressed Oops mode in which the Java heap is
#     placed in the first 4GB address space. The Java Heap base address is the
#     maximum limit for the native heap growth. Please use -XX:HeapBaseMinAddress
#     to set the Java Heap base and to place the Java Heap above 4GB virtual address.
# This output file may be truncated or incomplete.
#
#  Out of Memory Error (allocation.cpp:44), pid=22032, tid=13096
#
# JRE version: OpenJDK Runtime Environment Temurin-17.0.2+8 (17.0.2+8) (build 17.0.2+8)
# Java VM: OpenJDK 64-Bit Server VM Temurin-17.0.2+8 (17.0.2+8, mixed mode, emulated-client, tiered, compressed oops, compressed class ptrs, g1 gc, windows-amd64)
# No core dump will be written. Minidumps are not enabled by default on client versions of Windows
#

---------------  S U M M A R Y ------------

Command Line: -Dsts.lsp.client=vscode -Dsts.log.file=/dev/null -XX:TieredStopAtLevel=1 -Dspring.config.location=file:c:\Users\g2757\.vscode\extensions\pivotal.vscode-spring-boot-1.32.0\language-server\BOOT-INF\classes\application.properties org.springframework.ide.vscode.boot.app.BootLanguageServerBootApp

Host: Intel(R) Core(TM) i5-8250U CPU @ 1.60GHz, 8 cores, 7G,  Windows 10 , 64 bit Build 19041 (10.0.19041.1566)
Time: Tue Mar 29 15:27:49 2022 Hora oficial do Brasil elapsed time: 14442.021316 seconds (0d 4h 0m 42s)

---------------  T H R E A D  ---------------

Current thread (0x0000027ceb99e8f0):  VMThread "VM Thread" [stack: 0x0000009545f00000,0x0000009546000000] [id=13096]

Stack: [0x0000009545f00000,0x0000009546000000]
Native frames: (J=compiled Java code, j=interpreted, Vv=VM code, C=native code)
V  [jvm.dll+0x67564a]
V  [jvm.dll+0x82fc04]
V  [jvm.dll+0x8313ae]
V  [jvm.dll+0x831a13]
V  [jvm.dll+0x245235]
V  [jvm.dll+0xa6393]
V  [jvm.dll+0x2f5233]
V  [jvm.dll+0x2f0f70]
V  [jvm.dll+0x2d96c7]
V  [jvm.dll+0x31c6b7]
V  [jvm.dll+0x835ebb]
V  [jvm.dll+0x836bf4]
V  [jvm.dll+0x83710c]
V  [jvm.dll+0x8374e4]
V  [jvm.dll+0x8375b0]
V  [jvm.dll+0x7dff2a]
V  [jvm.dll+0x6744d5]
C  [ucrtbase.dll+0x21bb2]
C  [KERNEL32.DLL+0x17034]
C  [ntdll.dll+0x52651]

VM_Operation (0x00000095476fef00): G1CollectFull, mode: safepoint, requested by thread 0x0000027ceeb56020


---------------  P R O C E S S  ---------------

Threads class SMR info:
_java_thread_list=0x0000027cf86ca340, length=25, elements={
0x0000027ceb9b3380, 0x0000027ceb9b41f0, 0x0000027ceb9e66b0, 0x0000027ceb9e9430,
0x0000027ceb9eb1f0, 0x0000027ceb9ebba0, 0x0000027ceb9efb00, 0x0000027cec420090,
0x0000027cec56cc40, 0x0000027cec575ce0, 0x0000027ceeb56020, 0x0000027ceeabe5f0,
0x0000027cde678290, 0x0000027ceec873d0, 0x0000027ceecd0f60, 0x0000027ceecd4210,
0x0000027ceed50dc0, 0x0000027ceed9e590, 0x0000027ceed9fda0, 0x0000027ceed9cd80,
0x0000027ceed9f8d0, 0x0000027ceeda0270, 0x0000027ceed9ea60, 0x0000027ceed9ef30,
0x0000027ceeda0740
}

Java Threads: ( => current thread )
  0x0000027ceb9b3380 JavaThread "Reference Handler" daemon [_thread_blocked, id=7928, stack(0x0000009546000000,0x0000009546100000)]
  0x0000027ceb9b41f0 JavaThread "Finalizer" daemon [_thread_blocked, id=7048, stack(0x0000009546100000,0x0000009546200000)]
  0x0000027ceb9e66b0 JavaThread "Signal Dispatcher" daemon [_thread_blocked, id=21364, stack(0x0000009546200000,0x0000009546300000)]
  0x0000027ceb9e9430 JavaThread "Attach Listener" daemon [_thread_blocked, id=22456, stack(0x0000009546300000,0x0000009546400000)]
  0x0000027ceb9eb1f0 JavaThread "Service Thread" daemon [_thread_blocked, id=15992, stack(0x0000009546400000,0x0000009546500000)]
  0x0000027ceb9ebba0 JavaThread "Monitor Deflation Thread" daemon [_thread_blocked, id=22312, stack(0x0000009546500000,0x0000009546600000)]
  0x0000027ceb9efb00 JavaThread "C1 CompilerThread0" daemon [_thread_blocked, id=16160, stack(0x0000009546600000,0x0000009546700000)]
  0x0000027cec420090 JavaThread "Sweeper thread" daemon [_thread_blocked, id=12412, stack(0x0000009546700000,0x0000009546800000)]
  0x0000027cec56cc40 JavaThread "Notification Thread" daemon [_thread_blocked, id=15836, stack(0x0000009546a00000,0x0000009546b00000)]
  0x0000027cec575ce0 JavaThread "Common-Cleaner" daemon [_thread_blocked, id=15540, stack(0x0000009546c00000,0x0000009546d00000)]
  0x0000027ceeb56020 JavaThread "pool-5-thread-1" [_thread_blocked, id=4560, stack(0x0000009547600000,0x0000009547700000)]
  0x0000027ceeabe5f0 JavaThread "LanguageServerApp-lifecycle" [_thread_blocked, id=10940, stack(0x0000009547700000,0x0000009547800000)]
  0x0000027cde678290 JavaThread "DestroyJavaVM" [_thread_blocked, id=3092, stack(0x0000009545900000,0x0000009545a00000)]
  0x0000027ceec873d0 JavaThread "pool-6-thread-1" [_thread_in_native, id=10404, stack(0x0000009547800000,0x0000009547900000)]
  0x0000027ceecd0f60 JavaThread "Simple-Language-Server main thread" daemon [_thread_blocked, id=11432, stack(0x0000009547900000,0x0000009547a00000)]
  0x0000027ceecd4210 JavaThread "pool-7-thread-1" [_thread_blocked, id=17784, stack(0x0000009547a00000,0x0000009547b00000)]
  0x0000027ceed50dc0 JavaThread "parallel-1" daemon [_thread_blocked, id=11348, stack(0x0000009547d00000,0x0000009547e00000)]
  0x0000027ceed9e590 JavaThread "pool-2-thread-1" [_thread_blocked, id=11500, stack(0x0000009547e00000,0x0000009547f00000)]
  0x0000027ceed9fda0 JavaThread "ForkJoinPool.commonPool-worker-5" daemon [_thread_in_native, id=19216, stack(0x0000009545600000,0x0000009545700000)]
  0x0000027ceed9cd80 JavaThread "ForkJoinPool.commonPool-worker-6" daemon [_thread_in_native, id=9548, stack(0x0000009545700000,0x0000009545800000)]
  0x0000027ceed9f8d0 JavaThread "ForkJoinPool.commonPool-worker-7" daemon [_thread_in_native, id=19048, stack(0x0000009545800000,0x0000009545900000)]
  0x0000027ceeda0270 JavaThread "ForkJoinPool.commonPool-worker-8" daemon [_thread_in_native, id=9888, stack(0x0000009546800000,0x0000009546900000)]
  0x0000027ceed9ea60 JavaThread "ForkJoinPool.commonPool-worker-9" daemon [_thread_in_native, id=17308, stack(0x0000009546900000,0x0000009546a00000)]
  0x0000027ceed9ef30 JavaThread "ForkJoinPool.commonPool-worker-10" daemon [_thread_in_native, id=11328, stack(0x0000009546d00000,0x0000009546e00000)]
  0x0000027ceeda0740 JavaThread "ForkJoinPool.commonPool-worker-11" daemon [_thread_in_native, id=6388, stack(0x0000009547b00000,0x0000009547c00000)]

Other Threads:
=>0x0000027ceb99e8f0 VMThread "VM Thread" [stack: 0x0000009545f00000,0x0000009546000000] [id=13096]
  0x0000027cde6d2410 WatcherThread [stack: 0x0000009546b00000,0x0000009546c00000] [id=13712]
  0x0000027cde6ba710 GCTaskThread "GC Thread#0" [stack: 0x0000009545a00000,0x0000009545b00000] [id=18952]
  0x0000027cecd3a820 GCTaskThread "GC Thread#1" [stack: 0x0000009546e00000,0x0000009546f00000] [id=13608]
  0x0000027cecd34220 GCTaskThread "GC Thread#2" [stack: 0x0000009546f00000,0x0000009547000000] [id=16512]
  0x0000027cecd5cde0 GCTaskThread "GC Thread#3" [stack: 0x0000009547000000,0x0000009547100000] [id=15372]
  0x0000027cecdc49a0 GCTaskThread "GC Thread#4" [stack: 0x0000009547100000,0x0000009547200000] [id=4424]
  0x0000027cecdc8c60 GCTaskThread "GC Thread#5" [stack: 0x0000009547200000,0x0000009547300000] [id=14628]
  0x0000027cecdc8f10 GCTaskThread "GC Thread#6" [stack: 0x0000009547300000,0x0000009547400000] [id=16272]
  0x0000027cecffe710 GCTaskThread "GC Thread#7" [stack: 0x0000009547400000,0x0000009547500000] [id=8080]
  0x0000027cde6cb210 ConcurrentGCThread "G1 Main Marker" [stack: 0x0000009545b00000,0x0000009545c00000] [id=4412]
  0x0000027cde6cc3c0 ConcurrentGCThread "G1 Conc#0" [stack: 0x0000009545c00000,0x0000009545d00000] [id=2124]
  0x0000027cee9f54b0 ConcurrentGCThread "G1 Conc#1" [stack: 0x0000009547500000,0x0000009547600000] [id=14756]
  0x0000027ceb810090 ConcurrentGCThread "G1 Refine#0" [stack: 0x0000009545d00000,0x0000009545e00000] [id=16812]
  0x0000027ceede31f0 ConcurrentGCThread "G1 Refine#1" [stack: 0x0000009547f00000,0x0000009548000000] [id=1240]
  0x0000027ceb810ab0 ConcurrentGCThread "G1 Service" [stack: 0x0000009545e00000,0x0000009545f00000] [id=9284]

Threads with active compile tasks:

VM state: at safepoint (normal execution)

VM Mutex/Monitor currently owned by a thread:  ([mutex/lock_event])
[0x0000027cdc5cd3e0] Threads_lock - owner thread: 0x0000027ceb99e8f0
[0x0000027cde6780a0] Heap_lock - owner thread: 0x0000027ceeb56020

Heap address: 0x0000000082200000, size: 2014 MB, Compressed Oops mode: 32-bit

CDS archive(s) not mapped
Compressed class space mapped at: 0x0000000100000000-0x0000000140000000, reserved size: 1073741824
Narrow klass base: 0x0000000000000000, Narrow klass shift: 3, Narrow klass range: 0x140000000

GC Precious Log:
 CPUs: 8 total, 8 available
 Memory: 8050M
 Large Page Support: Disabled
 NUMA Support: Disabled
 Compressed Oops: Enabled (32-bit)
 Heap Region Size: 1M
 Heap Min Capacity: 8M
 Heap Initial Capacity: 126M
 Heap Max Capacity: 2014M
 Pre-touch: Disabled
 Parallel Workers: 8
 Concurrent Workers: 2
 Concurrent Refinement Workers: 8
 Periodic GC: Disabled

Heap:
 garbage-first heap   total 68608K, used 21405K [0x0000000082200000, 0x0000000100000000)
  region size 1024K, 2 young (2048K), 0 survivors (0K)
 Metaspace       used 38488K, committed 38848K, reserved 1089536K
  class space    used 4869K, committed 5056K, reserved 1048576K

Heap Regions: E=young(eden), S=young(survivor), O=old, HS=humongous(starts), HC=humongous(continues), CS=collection set, F=free, OA=open archive, CA=closed archive, TAMS=top-at-mark-start (previous, next)
|   0|0x0000000082200000, 0x0000000082300000, 0x0000000082300000|100%| O|  |TAMS 0x0000000082300000, 0x0000000082200000| Untracked 
|   1|0x0000000082300000, 0x00000000823ffff8, 0x0000000082400000| 99%| O|  |TAMS 0x00000000823ffff8, 0x0000000082300000| Untracked 
|   2|0x0000000082400000, 0x0000000082500000, 0x0000000082500000|100%| O|  |TAMS 0x0000000082500000, 0x0000000082400000| Untracked 
|   3|0x0000000082500000, 0x0000000082600000, 0x0000000082600000|100%| O|  |TAMS 0x0000000082600000, 0x0000000082500000| Untracked 
|   4|0x0000000082600000, 0x0000000082700000, 0x0000000082700000|100%| O|  |TAMS 0x0000000082700000, 0x0000000082600000| Untracked 
|   5|0x0000000082700000, 0x0000000082800000, 0x0000000082800000|100%|HS|  |TAMS 0x0000000082800000, 0x0000000082700000| Untracked 
|   6|0x0000000082800000, 0x00000000828ffff0, 0x0000000082900000| 99%| O|  |TAMS 0x00000000828ffff0, 0x0000000082800000| Untracked 
|   7|0x0000000082900000, 0x00000000829fffb0, 0x0000000082a00000| 99%| O|  |TAMS 0x00000000829fffb0, 0x0000000082900000| Untracked 
|   8|0x0000000082a00000, 0x0000000082afffe0, 0x0000000082b00000| 99%| O|  |TAMS 0x0000000082afffe0, 0x0000000082a00000| Untracked 
|   9|0x0000000082b00000, 0x0000000082bfe720, 0x0000000082c00000| 99%| O|  |TAMS 0x0000000082bfe720, 0x0000000082b00000| Untracked 
|  10|0x0000000082c00000, 0x0000000082cfffe8, 0x0000000082d00000| 99%| O|  |TAMS 0x0000000082cfffe8, 0x0000000082c00000| Untracked 
|  11|0x0000000082d00000, 0x0000000082e00000, 0x0000000082e00000|100%| O|  |TAMS 0x0000000082e00000, 0x0000000082d00000| Untracked 
|  12|0x0000000082e00000, 0x0000000082efffe8, 0x0000000082f00000| 99%| O|  |TAMS 0x0000000082efffe8, 0x0000000082e00000| Untracked 
|  13|0x0000000082f00000, 0x0000000083000000, 0x0000000083000000|100%| O|  |TAMS 0x0000000083000000, 0x0000000082f00000| Untracked 
|  14|0x0000000083000000, 0x00000000830ffff8, 0x0000000083100000| 99%| O|  |TAMS 0x00000000830ffff8, 0x0000000083000000| Untracked 
|  15|0x0000000083100000, 0x00000000831ee630, 0x0000000083200000| 93%| O|  |TAMS 0x0000000083100000, 0x0000000083100000| Untracked 
|  16|0x0000000083200000, 0x00000000832f3f60, 0x0000000083300000| 95%| O|  |TAMS 0x00000000832f3f60, 0x0000000083200000| Untracked 
|  17|0x0000000083300000, 0x0000000083400000, 0x0000000083400000|100%| O|  |TAMS 0x0000000083400000, 0x0000000083300000| Untracked 
|  18|0x0000000083400000, 0x0000000083500000, 0x0000000083500000|100%| O|  |TAMS 0x0000000083500000, 0x0000000083400000| Untracked 
|  19|0x0000000083500000, 0x0000000083506900, 0x0000000083600000|  2%| O|  |TAMS 0x0000000083500000, 0x0000000083500000| Untracked 
|  20|0x0000000083600000, 0x0000000083700000, 0x0000000083700000|100%| O|  |TAMS 0x0000000083700000, 0x0000000083600000| Untracked 
|  21|0x0000000083700000, 0x0000000083700000, 0x0000000083800000|  0%| F|  |TAMS 0x0000000083700000, 0x0000000083700000| Untracked 
|  22|0x0000000083800000, 0x0000000083800000, 0x0000000083900000|  0%| F|  |TAMS 0x0000000083800000, 0x0000000083800000| Untracked 
|  23|0x0000000083900000, 0x0000000083900000, 0x0000000083a00000|  0%| F|  |TAMS 0x0000000083900000, 0x0000000083900000| Untracked 
|  24|0x0000000083a00000, 0x0000000083a00000, 0x0000000083b00000|  0%| F|  |TAMS 0x0000000083a00000, 0x0000000083a00000| Untracked 
|  25|0x0000000083b00000, 0x0000000083b00000, 0x0000000083c00000|  0%| F|  |TAMS 0x0000000083b00000, 0x0000000083b00000| Untracked 
|  26|0x0000000083c00000, 0x0000000083c00000, 0x0000000083d00000|  0%| F|  |TAMS 0x0000000083c00000, 0x0000000083c00000| Untracked 
|  27|0x0000000083d00000, 0x0000000083d00000, 0x0000000083e00000|  0%| F|  |TAMS 0x0000000083d00000, 0x0000000083d00000| Untracked 
|  28|0x0000000083e00000, 0x0000000083e00000, 0x0000000083f00000|  0%| F|  |TAMS 0x0000000083e00000, 0x0000000083e00000| Untracked 
|  29|0x0000000083f00000, 0x0000000083f00000, 0x0000000084000000|  0%| F|  |TAMS 0x0000000083f00000, 0x0000000083f00000| Untracked 
|  30|0x0000000084000000, 0x0000000084000000, 0x0000000084100000|  0%| F|  |TAMS 0x0000000084000000, 0x0000000084000000| Untracked 
|  31|0x0000000084100000, 0x0000000084100000, 0x0000000084200000|  0%| F|  |TAMS 0x0000000084100000, 0x0000000084100000| Untracked 
|  32|0x0000000084200000, 0x0000000084200000, 0x0000000084300000|  0%| F|  |TAMS 0x0000000084200000, 0x0000000084200000| Untracked 
|  33|0x0000000084300000, 0x0000000084300000, 0x0000000084400000|  0%| F|  |TAMS 0x0000000084300000, 0x0000000084300000| Untracked 
|  34|0x0000000084400000, 0x0000000084400000, 0x0000000084500000|  0%| F|  |TAMS 0x0000000084400000, 0x0000000084400000| Untracked 
|  35|0x0000000084500000, 0x0000000084500000, 0x0000000084600000|  0%| F|  |TAMS 0x0000000084500000, 0x0000000084500000| Untracked 
|  36|0x0000000084600000, 0x0000000084600000, 0x0000000084700000|  0%| F|  |TAMS 0x0000000084600000, 0x0000000084600000| Untracked 
|  37|0x0000000084700000, 0x0000000084700000, 0x0000000084800000|  0%| F|  |TAMS 0x0000000084700000, 0x0000000084700000| Untracked 
|  38|0x0000000084800000, 0x0000000084800000, 0x0000000084900000|  0%| F|  |TAMS 0x0000000084800000, 0x0000000084800000| Untracked 
|  39|0x0000000084900000, 0x0000000084900000, 0x0000000084a00000|  0%| F|  |TAMS 0x0000000084900000, 0x0000000084900000| Untracked 
|  40|0x0000000084a00000, 0x0000000084a00000, 0x0000000084b00000|  0%| F|  |TAMS 0x0000000084a00000, 0x0000000084a00000| Untracked 
|  41|0x0000000084b00000, 0x0000000084b00000, 0x0000000084c00000|  0%| F|  |TAMS 0x0000000084b00000, 0x0000000084b00000| Untracked 
|  42|0x0000000084c00000, 0x0000000084c00000, 0x0000000084d00000|  0%| F|  |TAMS 0x0000000084c00000, 0x0000000084c00000| Untracked 
|  43|0x0000000084d00000, 0x0000000084d00000, 0x0000000084e00000|  0%| F|  |TAMS 0x0000000084d00000, 0x0000000084d00000| Untracked 
|  44|0x0000000084e00000, 0x0000000084e00000, 0x0000000084f00000|  0%| F|  |TAMS 0x0000000084e00000, 0x0000000084e00000| Untracked 
|  45|0x0000000084f00000, 0x0000000084f00000, 0x0000000085000000|  0%| F|  |TAMS 0x0000000084f00000, 0x0000000084f00000| Untracked 
|  46|0x0000000085000000, 0x0000000085000000, 0x0000000085100000|  0%| F|  |TAMS 0x0000000085000000, 0x0000000085000000| Untracked 
|  47|0x0000000085100000, 0x0000000085100000, 0x0000000085200000|  0%| F|  |TAMS 0x0000000085100000, 0x0000000085100000| Untracked 
|  48|0x0000000085200000, 0x0000000085200000, 0x0000000085300000|  0%| F|  |TAMS 0x0000000085200000, 0x0000000085200000| Untracked 
|  49|0x0000000085300000, 0x0000000085300000, 0x0000000085400000|  0%| F|  |TAMS 0x0000000085300000, 0x0000000085300000| Untracked 
|  50|0x0000000085400000, 0x0000000085400000, 0x0000000085500000|  0%| F|  |TAMS 0x0000000085400000, 0x0000000085400000| Untracked 
|  51|0x0000000085500000, 0x0000000085500000, 0x0000000085600000|  0%| F|  |TAMS 0x0000000085500000, 0x0000000085500000| Untracked 
|  52|0x0000000085600000, 0x0000000085600000, 0x0000000085700000|  0%| F|  |TAMS 0x0000000085600000, 0x0000000085600000| Untracked 
|  53|0x0000000085700000, 0x0000000085700000, 0x0000000085800000|  0%| F|  |TAMS 0x0000000085700000, 0x0000000085700000| Untracked 
|  54|0x0000000085800000, 0x0000000085800000, 0x0000000085900000|  0%| F|  |TAMS 0x0000000085800000, 0x0000000085800000| Untracked 
|  55|0x0000000085900000, 0x0000000085900000, 0x0000000085a00000|  0%| F|  |TAMS 0x0000000085900000, 0x0000000085900000| Untracked 
|  56|0x0000000085a00000, 0x0000000085a00000, 0x0000000085b00000|  0%| F|  |TAMS 0x0000000085a00000, 0x0000000085a00000| Untracked 
|  57|0x0000000085b00000, 0x0000000085b00000, 0x0000000085c00000|  0%| F|  |TAMS 0x0000000085b00000, 0x0000000085b00000| Untracked 
|  58|0x0000000085c00000, 0x0000000085c00000, 0x0000000085d00000|  0%| F|  |TAMS 0x0000000085c00000, 0x0000000085c00000| Untracked 
|  59|0x0000000085d00000, 0x0000000085d00000, 0x0000000085e00000|  0%| F|  |TAMS 0x0000000085d00000, 0x0000000085d00000| Untracked 
|  60|0x0000000085e00000, 0x0000000085e00000, 0x0000000085f00000|  0%| F|  |TAMS 0x0000000085e00000, 0x0000000085e00000| Untracked 
|  61|0x0000000085f00000, 0x0000000085f00000, 0x0000000086000000|  0%| F|  |TAMS 0x0000000085f00000, 0x0000000085f00000| Untracked 
|  62|0x0000000086000000, 0x0000000086000000, 0x0000000086100000|  0%| F|  |TAMS 0x0000000086000000, 0x0000000086000000| Untracked 
|  63|0x0000000086100000, 0x0000000086100000, 0x0000000086200000|  0%| F|  |TAMS 0x0000000086100000, 0x0000000086100000| Untracked 
|  64|0x0000000086200000, 0x0000000086200000, 0x0000000086300000|  0%| F|  |TAMS 0x0000000086200000, 0x0000000086200000| Untracked 
|  65|0x0000000086300000, 0x00000000863806a0, 0x0000000086400000| 50%| E|  |TAMS 0x0000000086300000, 0x0000000086300000| Complete 
|  66|0x0000000086400000, 0x0000000086500000, 0x0000000086500000|100%| E|CS|TAMS 0x0000000086400000, 0x0000000086400000| Complete 

Card table byte_map: [0x0000027ce4800000,0x0000027ce4bf0000] _byte_map_base: 0x0000027ce43ef000

Marking Bits (Prev, Next): (CMBitMap*) 0x0000027cde6bad60, (CMBitMap*) 0x0000027cde6bad20
 Prev Bits: [0x0000027ce6f60000, 0x0000027ce8ed8000)
 Next Bits: [0x0000027ce4fe0000, 0x0000027ce6f58000)

Polling page: 0x0000027cdde50000

Metaspace:

Usage:
  Non-class:     32.83 MB used.
      Class:      4.76 MB used.
       Both:     37.59 MB used.

Virtual space:
  Non-class space:       40.00 MB reserved,      33.00 MB ( 82%) committed,  5 nodes.
      Class space:        1.00 GB reserved,       4.94 MB ( <1%) committed,  1 nodes.
             Both:        1.04 GB reserved,      37.94 MB (  4%) committed. 

Chunk freelists:
   Non-Class:  2.73 MB
       Class:  2.94 MB
        Both:  5.67 MB

MaxMetaspaceSize: unlimited
CompressedClassSpaceSize: 1.00 GB
Initial GC threshold: 21.00 MB
Current GC threshold: 63.12 MB
CDS: off
MetaspaceReclaimPolicy: balanced
 - commit_granule_bytes: 65536.
 - commit_granule_words: 8192.
 - virtual_space_node_default_size: 1048576.
 - enlarge_chunks_in_place: 1.
 - new_chunks_are_fully_committed: 0.
 - uncommit_free_chunks: 1.
 - use_allocation_guard: 0.
 - handle_deallocations: 1.


Internal statistics:

num_allocs_failed_limit: 6.
num_arena_births: 438.
num_arena_deaths: 146.
num_vsnodes_births: 6.
num_vsnodes_deaths: 0.
num_space_committed: 607.
num_space_uncommitted: 0.
num_chunks_returned_to_freelist: 162.
num_chunks_taken_from_freelist: 1628.
num_chunk_merges: 48.
num_chunk_splits: 1072.
num_chunks_enlarged: 816.
num_purges: 10.
num_inconsistent_stats: 0.

CodeCache: size=49152Kb used=10146Kb max_used=11044Kb free=39005Kb
 bounds [0x0000027ce1300000, 0x0000027ce1de0000, 0x0000027ce4300000]
 total_blobs=5901 nmethods=5364 adapters=464
 compilation: enabled
              stopped_count=0, restarted_count=0
 full_count=0

Compilation events (20 events):
Event: 6001.218 Thread 0x0000027ceb9efb00 5355       1       jdk.internal.misc.Unsafe::getAndAddLong (27 bytes)
Event: 6001.218 Thread 0x0000027ceb9efb00 nmethod 5355 0x0000027ce1dbdf10 code [0x0000027ce1dbe0a0, 0x0000027ce1dbe1b8]
Event: 6003.964 Thread 0x0000027ceb9efb00 5356       1       java.util.concurrent.ConcurrentHashMap$ValueSpliterator::characteristics (4 bytes)
Event: 6003.965 Thread 0x0000027ceb9efb00 nmethod 5356 0x0000027ce1dbdc10 code [0x0000027ce1dbdda0, 0x0000027ce1dbde78]
Event: 6012.502 Thread 0x0000027ceb9efb00 5357   !   1       jdk.internal.reflect.GeneratedConstructorAccessor21::newInstance (49 bytes)
Event: 6012.502 Thread 0x0000027ceb9efb00 nmethod 5357 0x0000027ce1dbd610 code [0x0000027ce1dbd7c0, 0x0000027ce1dbda28]
Event: 6012.846 Thread 0x0000027ceb9efb00 5358       1       org.eclipse.lsp4j.TextDocumentPositionParams::getPosition (5 bytes)
Event: 6012.846 Thread 0x0000027ceb9efb00 nmethod 5358 0x0000027ce1dbd310 code [0x0000027ce1dbd4a0, 0x0000027ce1dbd578]
Event: 6740.940 Thread 0x0000027ceb9efb00 5359   !   1       jdk.internal.reflect.GeneratedConstructorAccessor31::newInstance (135 bytes)
Event: 6740.940 Thread 0x0000027ceb9efb00 nmethod 5359 0x0000027ce1dbc310 code [0x0000027ce1dbc560, 0x0000027ce1dbcd78]
Event: 7220.778 Thread 0x0000027ceb9efb00 5360       1       org.springframework.ide.vscode.commons.languageserver.config.LanguageServerProperties::getHoverTimeout (5 bytes)
Event: 7220.779 Thread 0x0000027ceb9efb00 nmethod 5360 0x0000027ce1dbc010 code [0x0000027ce1dbc1a0, 0x0000027ce1dbc278]
Event: 7325.888 Thread 0x0000027ceb9efb00 5361       1       java.util.logging.Logger::isLoggable (27 bytes)
Event: 7325.888 Thread 0x0000027ceb9efb00 nmethod 5361 0x0000027ce1dbbc90 code [0x0000027ce1dbbe20, 0x0000027ce1dbbf38]
Event: 7325.937 Thread 0x0000027ceb9efb00 5362       1       java.lang.IllegalArgumentException::<init> (7 bytes)
Event: 7325.937 Thread 0x0000027ceb9efb00 nmethod 5362 0x0000027ce1dbb990 code [0x0000027ce1dbbb20, 0x0000027ce1dbbc08]
Event: 7325.937 Thread 0x0000027ceb9efb00 5363       1       java.lang.RuntimeException::<init> (7 bytes)
Event: 7325.937 Thread 0x0000027ceb9efb00 nmethod 5363 0x0000027ce1dbb690 code [0x0000027ce1dbb820, 0x0000027ce1dbb908]
Event: 11384.748 Thread 0x0000027ceb9efb00 5364       1       ch.qos.logback.classic.Logger::info (15 bytes)
Event: 11384.751 Thread 0x0000027ceb9efb00 nmethod 5364 0x0000027ce1dbb390 code [0x0000027ce1dbb520, 0x0000027ce1dbb628]

GC Heap History (20 events):
Event: 14339.143 GC heap before
{Heap before GC invocations=1284 (full 1269):
 garbage-first heap   total 68608K, used 21405K [0x0000000082200000, 0x0000000100000000)
  region size 1024K, 2 young (2048K), 0 survivors (0K)
 Metaspace       used 38488K, committed 38848K, reserved 1089536K
  class space    used 4869K, committed 5056K, reserved 1048576K
}
Event: 14339.190 GC heap after
{Heap after GC invocations=1285 (full 1270):
 garbage-first heap   total 68608K, used 20381K [0x0000000082200000, 0x0000000100000000)
  region size 1024K, 0 young (0K), 0 survivors (0K)
 Metaspace       used 38488K, committed 38848K, reserved 1089536K
  class space    used 4869K, committed 5056K, reserved 1048576K
}
Event: 14349.351 GC heap before
{Heap before GC invocations=1285 (full 1270):
 garbage-first heap   total 68608K, used 21405K [0x0000000082200000, 0x0000000100000000)
  region size 1024K, 2 young (2048K), 0 survivors (0K)
 Metaspace       used 38488K, committed 38848K, reserved 1089536K
  class space    used 4869K, committed 5056K, reserved 1048576K
}
Event: 14349.394 GC heap after
{Heap after GC invocations=1286 (full 1271):
 garbage-first heap   total 68608K, used 20381K [0x0000000082200000, 0x0000000100000000)
  region size 1024K, 0 young (0K), 0 survivors (0K)
 Metaspace       used 38488K, committed 38848K, reserved 1089536K
  class space    used 4869K, committed 5056K, reserved 1048576K
}
Event: 14359.571 GC heap before
{Heap before GC invocations=1286 (full 1271):
 garbage-first heap   total 68608K, used 21405K [0x0000000082200000, 0x0000000100000000)
  region size 1024K, 2 young (2048K), 0 survivors (0K)
 Metaspace       used 38488K, committed 38848K, reserved 1089536K
  class space    used 4869K, committed 5056K, reserved 1048576K
}
Event: 14359.615 GC heap after
{Heap after GC invocations=1287 (full 1272):
 garbage-first heap   total 68608K, used 20381K [0x0000000082200000, 0x0000000100000000)
  region size 1024K, 0 young (0K), 0 survivors (0K)
 Metaspace       used 38488K, committed 38848K, reserved 1089536K
  class space    used 4869K, committed 5056K, reserved 1048576K
}
Event: 14369.870 GC heap before
{Heap before GC invocations=1287 (full 1272):
 garbage-first heap   total 68608K, used 21405K [0x0000000082200000, 0x0000000100000000)
  region size 1024K, 2 young (2048K), 0 survivors (0K)
 Metaspace       used 38488K, committed 38848K, reserved 1089536K
  class space    used 4869K, committed 5056K, reserved 1048576K
}
Event: 14369.923 GC heap after
{Heap after GC invocations=1288 (full 1273):
 garbage-first heap   total 68608K, used 20381K [0x0000000082200000, 0x0000000100000000)
  region size 1024K, 0 young (0K), 0 survivors (0K)
 Metaspace       used 38488K, committed 38848K, reserved 1089536K
  class space    used 4869K, committed 5056K, reserved 1048576K
}
Event: 14380.141 GC heap before
{Heap before GC invocations=1288 (full 1273):
 garbage-first heap   total 68608K, used 21405K [0x0000000082200000, 0x0000000100000000)
  region size 1024K, 2 young (2048K), 0 survivors (0K)
 Metaspace       used 38488K, committed 38848K, reserved 1089536K
  class space    used 4869K, committed 5056K, reserved 1048576K
}
Event: 14380.190 GC heap after
{Heap after GC invocations=1289 (full 1274):
 garbage-first heap   total 68608K, used 20381K [0x0000000082200000, 0x0000000100000000)
  region size 1024K, 0 young (0K), 0 survivors (0K)
 Metaspace       used 38488K, committed 38848K, reserved 1089536K
  class space    used 4869K, committed 5056K, reserved 1048576K
}
Event: 14390.564 GC heap before
{Heap before GC invocations=1289 (full 1274):
 garbage-first heap   total 68608K, used 21405K [0x0000000082200000, 0x0000000100000000)
  region size 1024K, 2 young (2048K), 0 survivors (0K)
 Metaspace       used 38488K, committed 38848K, reserved 1089536K
  class space    used 4869K, committed 5056K, reserved 1048576K
}
Event: 14390.623 GC heap after
{Heap after GC invocations=1290 (full 1275):
 garbage-first heap   total 68608K, used 20381K [0x0000000082200000, 0x0000000100000000)
  region size 1024K, 0 young (0K), 0 survivors (0K)
 Metaspace       used 38488K, committed 38848K, reserved 1089536K
  class space    used 4869K, committed 5056K, reserved 1048576K
}
Event: 14400.799 GC heap before
{Heap before GC invocations=1290 (full 1275):
 garbage-first heap   total 68608K, used 21405K [0x0000000082200000, 0x0000000100000000)
  region size 1024K, 2 young (2048K), 0 survivors (0K)
 Metaspace       used 38488K, committed 38848K, reserved 1089536K
  class space    used 4869K, committed 5056K, reserved 1048576K
}
Event: 14400.847 GC heap after
{Heap after GC invocations=1291 (full 1276):
 garbage-first heap   total 68608K, used 20381K [0x0000000082200000, 0x0000000100000000)
  region size 1024K, 0 young (0K), 0 survivors (0K)
 Metaspace       used 38488K, committed 38848K, reserved 1089536K
  class space    used 4869K, committed 5056K, reserved 1048576K
}
Event: 14411.035 GC heap before
{Heap before GC invocations=1291 (full 1276):
 garbage-first heap   total 68608K, used 21405K [0x0000000082200000, 0x0000000100000000)
  region size 1024K, 2 young (2048K), 0 survivors (0K)
 Metaspace       used 38488K, committed 38848K, reserved 1089536K
  class space    used 4869K, committed 5056K, reserved 1048576K
}
Event: 14411.077 GC heap after
{Heap after GC invocations=1292 (full 1277):
 garbage-first heap   total 68608K, used 20381K [0x0000000082200000, 0x0000000100000000)
  region size 1024K, 0 young (0K), 0 survivors (0K)
 Metaspace       used 38488K, committed 38848K, reserved 1089536K
  class space    used 4869K, committed 5056K, reserved 1048576K
}
Event: 14421.285 GC heap before
{Heap before GC invocations=1292 (full 1277):
 garbage-first heap   total 68608K, used 21405K [0x0000000082200000, 0x0000000100000000)
  region size 1024K, 2 young (2048K), 0 survivors (0K)
 Metaspace       used 38488K, committed 38848K, reserved 1089536K
  class space    used 4869K, committed 5056K, reserved 1048576K
}
Event: 14421.328 GC heap after
{Heap after GC invocations=1293 (full 1278):
 garbage-first heap   total 68608K, used 20381K [0x0000000082200000, 0x0000000100000000)
  region size 1024K, 0 young (0K), 0 survivors (0K)
 Metaspace       used 38488K, committed 38848K, reserved 1089536K
  class space    used 4869K, committed 5056K, reserved 1048576K
}
Event: 14431.752 GC heap before
{Heap before GC invocations=1293 (full 1278):
 garbage-first heap   total 68608K, used 21405K [0x0000000082200000, 0x0000000100000000)
  region size 1024K, 2 young (2048K), 0 survivors (0K)
 Metaspace       used 38488K, committed 38848K, reserved 1089536K
  class space    used 4869K, committed 5056K, reserved 1048576K
}
Event: 14431.803 GC heap after
{Heap after GC invocations=1294 (full 1279):
 garbage-first heap   total 68608K, used 20381K [0x0000000082200000, 0x0000000100000000)
  region size 1024K, 0 young (0K), 0 survivors (0K)
 Metaspace       used 38488K, committed 38848K, reserved 1089536K
  class space    used 4869K, committed 5056K, reserved 1048576K
}

Deoptimization events (20 events):
Event: 3.662 Thread 0x0000027ceecd0f60 DEOPT PACKING pc=0x0000027ce1804517 sp=0x00000095479fecf0
Event: 3.662 Thread 0x0000027ceecd0f60 DEOPT UNPACKING pc=0x0000027ce1352b43 sp=0x00000095479fe148 mode 3
Event: 4.153 Thread 0x0000027ceed9e590 DEOPT PACKING pc=0x0000027ce1b7276a sp=0x0000009547efdea0
Event: 4.153 Thread 0x0000027ceed9e590 DEOPT UNPACKING pc=0x0000027ce1352b43 sp=0x0000009547efd360 mode 3
Event: 4.200 Thread 0x0000027ceed9e590 DEOPT PACKING pc=0x0000027ce1ba3ff0 sp=0x0000009547efd9a0
Event: 4.200 Thread 0x0000027ceed9e590 DEOPT UNPACKING pc=0x0000027ce1352b43 sp=0x0000009547efce98 mode 3
Event: 4.331 Thread 0x0000027ceed9e590 DEOPT PACKING pc=0x0000027ce1bb96db sp=0x0000009547efcf60
Event: 4.331 Thread 0x0000027ceed9e590 DEOPT UNPACKING pc=0x0000027ce1352b43 sp=0x0000009547efc3f8 mode 3
Event: 4.414 Thread 0x0000027ceed9e590 DEOPT PACKING pc=0x0000027ce1bf6214 sp=0x0000009547efe5b0
Event: 4.414 Thread 0x0000027ceed9e590 DEOPT UNPACKING pc=0x0000027ce1352b43 sp=0x0000009547efda68 mode 3
Event: 4.459 Thread 0x0000027ceed9e590 DEOPT PACKING pc=0x0000027ce1810b42 sp=0x0000009547efe4f0
Event: 4.459 Thread 0x0000027ceed9e590 DEOPT UNPACKING pc=0x0000027ce1352b43 sp=0x0000009547efd9f8 mode 3
Event: 4.490 Thread 0x0000027ceed9e590 DEOPT PACKING pc=0x0000027ce1c60400 sp=0x0000009547efcb10
Event: 4.490 Thread 0x0000027ceed9e590 DEOPT UNPACKING pc=0x0000027ce1352b43 sp=0x0000009547efbfc8 mode 3
Event: 4.490 Thread 0x0000027ceed9e590 DEOPT PACKING pc=0x0000027ce1c5ef8c sp=0x0000009547efca20
Event: 4.490 Thread 0x0000027ceed9e590 DEOPT UNPACKING pc=0x0000027ce1352b43 sp=0x0000009547efbf00 mode 3
Event: 4.523 Thread 0x0000027ceed9e590 DEOPT PACKING pc=0x0000027ce1c8f8c6 sp=0x0000009547efe470
Event: 4.523 Thread 0x0000027ceed9e590 DEOPT UNPACKING pc=0x0000027ce1352b43 sp=0x0000009547efd960 mode 3
Event: 79.738 Thread 0x0000027ceec873d0 DEOPT PACKING pc=0x0000027ce193a454 sp=0x00000095478fed80
Event: 79.739 Thread 0x0000027ceec873d0 DEOPT UNPACKING pc=0x0000027ce1352b43 sp=0x00000095478fe228 mode 0

Classes unloaded (20 events):
Event: 73.435 Thread 0x0000027ceb99e8f0 Unloading class 0x00000001000c8c00 'java/lang/invoke/LambdaForm$MH+0x00000001000c8c00'
Event: 73.435 Thread 0x0000027ceb99e8f0 Unloading class 0x00000001000c8800 'java/lang/invoke/LambdaForm$MH+0x00000001000c8800'
Event: 73.435 Thread 0x0000027ceb99e8f0 Unloading class 0x00000001000c8000 'java/lang/invoke/LambdaForm$MH+0x00000001000c8000'
Event: 133.935 Thread 0x0000027ceb99e8f0 Unloading class 0x00000001003dc000 'java/lang/invoke/LambdaForm$MH+0x00000001003dc000'
Event: 133.935 Thread 0x0000027ceb99e8f0 Unloading class 0x00000001003f4000 'java/lang/invoke/LambdaForm$MH+0x00000001003f4000'
Event: 133.935 Thread 0x0000027ceb99e8f0 Unloading class 0x0000000100439400 'java/lang/invoke/LambdaForm$MH+0x0000000100439400'
Event: 133.935 Thread 0x0000027ceb99e8f0 Unloading class 0x000000010043a400 'java/lang/invoke/LambdaForm$MH+0x000000010043a400'
Event: 356.626 Thread 0x0000027ceb99e8f0 Unloading class 0x000000010043a400 'java/lang/invoke/LambdaForm$MH+0x000000010043a400'
Event: 356.626 Thread 0x0000027ceb99e8f0 Unloading class 0x0000000100439400 'java/lang/invoke/LambdaForm$MH+0x0000000100439400'
Event: 356.626 Thread 0x0000027ceb99e8f0 Unloading class 0x00000001003f4000 'java/lang/invoke/LambdaForm$MH+0x00000001003f4000'
Event: 1534.399 Thread 0x0000027ceb99e8f0 Unloading class 0x00000001000ca000 'java/lang/invoke/LambdaForm$MH+0x00000001000ca000'
Event: 1534.399 Thread 0x0000027ceb99e8f0 Unloading class 0x00000001000ca800 'java/lang/invoke/LambdaForm$MH+0x00000001000ca800'
Event: 1534.399 Thread 0x0000027ceb99e8f0 Unloading class 0x00000001001dd400 'java/lang/invoke/LambdaForm$MH+0x00000001001dd400'
Event: 1534.399 Thread 0x0000027ceb99e8f0 Unloading class 0x00000001002e0400 'java/lang/invoke/LambdaForm$MH+0x00000001002e0400'
Event: 1534.399 Thread 0x0000027ceb99e8f0 Unloading class 0x00000001002e0c00 'java/lang/invoke/LambdaForm$MH+0x00000001002e0c00'
Event: 1534.399 Thread 0x0000027ceb99e8f0 Unloading class 0x00000001002e1400 'java/lang/invoke/LambdaForm$MH+0x00000001002e1400'
Event: 1534.399 Thread 0x0000027ceb99e8f0 Unloading class 0x00000001002e2000 'java/lang/invoke/LambdaForm$MH+0x00000001002e2000'
Event: 1534.399 Thread 0x0000027ceb99e8f0 Unloading class 0x00000001002f1800 'java/lang/invoke/LambdaForm$MH+0x00000001002f1800'
Event: 1534.399 Thread 0x0000027ceb99e8f0 Unloading class 0x00000001003f4000 'java/lang/invoke/LambdaForm$MH+0x00000001003f4000'
Event: 6063.881 Thread 0x0000027ceb99e8f0 Unloading class 0x0000000100510400 'jdk/internal/reflect/GeneratedConstructorAccessor14'

Classes redefined (0 events):
No events

Internal exceptions (20 events):
Event: 5235.618 Thread 0x0000027ceec873d0 Exception <a 'java/lang/reflect/InvocationTargetException'{0x0000000085cf1af8}> (0x0000000085cf1af8) 
thrown [e:\jenkins\tmp\workspace\build\src\src\hotspot\share\runtime\reflection.cpp, line 1121]
Event: 5235.932 Thread 0x0000027ceec873d0 Exception <a 'java/lang/reflect/InvocationTargetException'{0x0000000085b0f6f0}> (0x0000000085b0f6f0) 
thrown [e:\jenkins\tmp\workspace\build\src\src\hotspot\share\runtime\reflection.cpp, line 1121]
Event: 5236.015 Thread 0x0000027ceec873d0 Exception <a 'java/lang/reflect/InvocationTargetException'{0x0000000085b252e0}> (0x0000000085b252e0) 
thrown [e:\jenkins\tmp\workspace\build\src\src\hotspot\share\runtime\reflection.cpp, line 1121]
Event: 5236.217 Thread 0x0000027ceec873d0 Exception <a 'java/lang/reflect/InvocationTargetException'{0x0000000085b3ae68}> (0x0000000085b3ae68) 
thrown [e:\jenkins\tmp\workspace\build\src\src\hotspot\share\runtime\reflection.cpp, line 1121]
Event: 5236.304 Thread 0x0000027ceec873d0 Exception <a 'java/lang/reflect/InvocationTargetException'{0x0000000085b50a78}> (0x0000000085b50a78) 
thrown [e:\jenkins\tmp\workspace\build\src\src\hotspot\share\runtime\reflection.cpp, line 1121]
Event: 5236.739 Thread 0x0000027ceec873d0 Exception <a 'java/lang/reflect/InvocationTargetException'{0x0000000085b6dbd0}> (0x0000000085b6dbd0) 
thrown [e:\jenkins\tmp\workspace\build\src\src\hotspot\share\runtime\reflection.cpp, line 1121]
Event: 5236.850 Thread 0x0000027ceec873d0 Exception <a 'java/lang/reflect/InvocationTargetException'{0x0000000085a3ccc0}> (0x0000000085a3ccc0) 
thrown [e:\jenkins\tmp\workspace\build\src\src\hotspot\share\runtime\reflection.cpp, line 1121]
Event: 5237.475 Thread 0x0000027ceec873d0 Exception <a 'java/lang/reflect/InvocationTargetException'{0x0000000085a7ced0}> (0x0000000085a7ced0) 
thrown [e:\jenkins\tmp\workspace\build\src\src\hotspot\share\runtime\reflection.cpp, line 1121]
Event: 5237.741 Thread 0x0000027ceec873d0 Exception <a 'java/lang/reflect/InvocationTargetException'{0x0000000085a99ce8}> (0x0000000085a99ce8) 
thrown [e:\jenkins\tmp\workspace\build\src\src\hotspot\share\runtime\reflection.cpp, line 1121]
Event: 5237.902 Thread 0x0000027ceec873d0 Exception <a 'java/lang/reflect/InvocationTargetException'{0x0000000085ab4a88}> (0x0000000085ab4a88) 
thrown [e:\jenkins\tmp\workspace\build\src\src\hotspot\share\runtime\reflection.cpp, line 1121]
Event: 6030.702 Thread 0x0000027ceec873d0 Exception <a 'java/lang/reflect/InvocationTargetException'{0x0000000084af3220}> (0x0000000084af3220) 
thrown [e:\jenkins\tmp\workspace\build\src\src\hotspot\share\runtime\reflection.cpp, line 1121]
Event: 6032.162 Thread 0x0000027ceec873d0 Exception <a 'java/lang/reflect/InvocationTargetException'{0x0000000084911970}> (0x0000000084911970) 
thrown [e:\jenkins\tmp\workspace\build\src\src\hotspot\share\runtime\reflection.cpp, line 1121]
Event: 6033.049 Thread 0x0000027ceec873d0 Exception <a 'java/lang/reflect/InvocationTargetException'{0x000000008492b480}> (0x000000008492b480) 
thrown [e:\jenkins\tmp\workspace\build\src\src\hotspot\share\runtime\reflection.cpp, line 1121]
Event: 7194.567 Thread 0x0000027ceec873d0 Exception <a 'java/lang/reflect/InvocationTargetException'{0x00000000864faf48}> (0x00000000864faf48) 
thrown [e:\jenkins\tmp\workspace\build\src\src\hotspot\share\runtime\reflection.cpp, line 1121]
Event: 7325.888 Thread 0x0000027ceec873d0 Exception <a 'java/lang/reflect/InvocationTargetException'{0x0000000086277d40}> (0x0000000086277d40) 
thrown [e:\jenkins\tmp\workspace\build\src\src\hotspot\share\runtime\reflection.cpp, line 1121]
Event: 7325.937 Thread 0x0000027ceec873d0 Exception <a 'java/lang/reflect/InvocationTargetException'{0x0000000086296578}> (0x0000000086296578) 
thrown [e:\jenkins\tmp\workspace\build\src\src\hotspot\share\runtime\reflection.cpp, line 1121]
Event: 7360.110 Thread 0x0000027ceec873d0 Exception <a 'java/lang/reflect/InvocationTargetException'{0x0000000085c061e8}> (0x0000000085c061e8) 
thrown [e:\jenkins\tmp\workspace\build\src\src\hotspot\share\runtime\reflection.cpp, line 1121]
Event: 7911.318 Thread 0x0000027ceec873d0 Exception <a 'java/lang/reflect/InvocationTargetException'{0x0000000086308b70}> (0x0000000086308b70) 
thrown [e:\jenkins\tmp\workspace\build\src\src\hotspot\share\runtime\reflection.cpp, line 1121]
Event: 13893.988 Thread 0x0000027ceecd4210 Exception <a 'java/lang/IllegalArgumentException'{0x0000000086371d38}: Could not map vmid to user name> (0x0000000086371d38) 
thrown [e:\jenkins\tmp\workspace\build\src\src\hotspot\os\windows\perfMemory_windows.cpp, line 1617]
Event: 13893.993 Thread 0x0000027ceecd4210 Exception <a 'java/io/FileNotFoundException'{0x0000000086372170}> (0x0000000086372170) 
thrown [e:\jenkins\tmp\workspace\build\src\src\hotspot\share\prims\jni.cpp, line 516]

VM Operations (20 events):
Event: 14339.190 Executing VM operation: G1CollectFull done
Event: 14349.351 Executing VM operation: G1CollectFull
Event: 14349.394 Executing VM operation: G1CollectFull done
Event: 14359.571 Executing VM operation: G1CollectFull
Event: 14359.615 Executing VM operation: G1CollectFull done
Event: 14369.870 Executing VM operation: G1CollectFull
Event: 14369.923 Executing VM operation: G1CollectFull done
Event: 14380.141 Executing VM operation: G1CollectFull
Event: 14380.190 Executing VM operation: G1CollectFull done
Event: 14390.563 Executing VM operation: G1CollectFull
Event: 14390.623 Executing VM operation: G1CollectFull done
Event: 14400.799 Executing VM operation: G1CollectFull
Event: 14400.847 Executing VM operation: G1CollectFull done
Event: 14411.035 Executing VM operation: G1CollectFull
Event: 14411.077 Executing VM operation: G1CollectFull done
Event: 14421.285 Executing VM operation: G1CollectFull
Event: 14421.329 Executing VM operation: G1CollectFull done
Event: 14431.752 Executing VM operation: G1CollectFull
Event: 14431.803 Executing VM operation: G1CollectFull done
Event: 14442.012 Executing VM operation: G1CollectFull

Events (20 events):
Event: 957.083 Thread 0x0000027cecdbb1c0 Thread exited: 0x0000027cecdbb1c0
Event: 957.083 Thread 0x0000027cecdbacb0 Thread exited: 0x0000027cecdbacb0
Event: 962.092 Thread 0x0000027cecdba7a0 Thread exited: 0x0000027cecdba7a0
Event: 1408.939 Thread 0x0000027ceed9fda0 Thread added: 0x0000027ceed9fda0
Event: 1424.072 Thread 0x0000027ceed9cd80 Thread added: 0x0000027ceed9cd80
Event: 1434.103 Thread 0x0000027ceed9f8d0 Thread added: 0x0000027ceed9f8d0
Event: 1444.143 Thread 0x0000027ceeda0270 Thread added: 0x0000027ceeda0270
Event: 1454.168 Thread 0x0000027ceed9ea60 Thread added: 0x0000027ceed9ea60
Event: 1474.234 Thread 0x0000027ceed9ef30 Thread added: 0x0000027ceed9ef30
Event: 1951.195 Thread 0x0000027cecdbb280 Thread added: 0x0000027cecdbb280
Event: 1951.195 Thread 0x0000027ceea82e40 Thread added: 0x0000027ceea82e40
Event: 1956.200 Thread 0x0000027cecdbb280 Thread exited: 0x0000027cecdbb280
Event: 1956.200 Thread 0x0000027ceea82e40 Thread exited: 0x0000027ceea82e40
Event: 4413.988 Thread 0x0000027ceeda0740 Thread added: 0x0000027ceeda0740
Event: 5197.631 Thread 0x0000027cece1fc90 Thread added: 0x0000027cece1fc90
Event: 5202.637 Thread 0x0000027cece1fc90 Thread exited: 0x0000027cece1fc90
Event: 5673.574 Thread 0x0000027ceedaff20 Thread added: 0x0000027ceedaff20
Event: 5673.574 Thread 0x0000027ceedb0430 Thread added: 0x0000027ceedb0430
Event: 5677.097 Thread 0x0000027ceedb0430 Thread exited: 0x0000027ceedb0430
Event: 5678.107 Thread 0x0000027ceedaff20 Thread exited: 0x0000027ceedaff20


Dynamic libraries:
0x00007ff76e590000 - 0x00007ff76e59e000 	c:\Users\g2757\.vscode\extensions\redhat.java-1.4.0\jre\17.0.2-win32-x86_64\bin\java.exe
0x00007ffb1b810000 - 0x00007ffb1ba05000 	C:\Windows\SYSTEM32\ntdll.dll
0x00007ffb1a020000 - 0x00007ffb1a0de000 	C:\Windows\System32\KERNEL32.DLL
0x00007ffb19570000 - 0x00007ffb19838000 	C:\Windows\System32\KERNELBASE.dll
0x00007ffb19470000 - 0x00007ffb19570000 	C:\Windows\System32\ucrtbase.dll
0x00007ffb005b0000 - 0x00007ffb005c9000 	c:\Users\g2757\.vscode\extensions\redhat.java-1.4.0\jre\17.0.2-win32-x86_64\bin\VCRUNTIME140.dll
0x00007ffafffc0000 - 0x00007ffafffd8000 	c:\Users\g2757\.vscode\extensions\redhat.java-1.4.0\jre\17.0.2-win32-x86_64\bin\jli.dll
0x00007ffb1a3f0000 - 0x00007ffb1a590000 	C:\Windows\System32\USER32.dll
0x00007ffb19840000 - 0x00007ffb19862000 	C:\Windows\System32\win32u.dll
0x00007ffb03630000 - 0x00007ffb038ca000 	C:\Windows\WinSxS\amd64_microsoft.windows.common-controls_6595b64144ccf1df_6.0.19041.1110_none_60b5254171f9507e\COMCTL32.dll
0x00007ffb1ae60000 - 0x00007ffb1ae8b000 	C:\Windows\System32\GDI32.dll
0x00007ffb1ad90000 - 0x00007ffb1ae2e000 	C:\Windows\System32\msvcrt.dll
0x00007ffb190c0000 - 0x00007ffb191cb000 	C:\Windows\System32\gdi32full.dll
0x00007ffb19290000 - 0x00007ffb1932d000 	C:\Windows\System32\msvcp_win.dll
0x00007ffb1ae30000 - 0x00007ffb1ae60000 	C:\Windows\System32\IMM32.DLL
0x00007ffb08aa0000 - 0x00007ffb08aac000 	c:\Users\g2757\.vscode\extensions\redhat.java-1.4.0\jre\17.0.2-win32-x86_64\bin\vcruntime140_1.dll
0x00007ffaeee90000 - 0x00007ffaeef21000 	c:\Users\g2757\.vscode\extensions\redhat.java-1.4.0\jre\17.0.2-win32-x86_64\bin\msvcp140.dll
0x00007ffa8f550000 - 0x00007ffa90197000 	c:\Users\g2757\.vscode\extensions\redhat.java-1.4.0\jre\17.0.2-win32-x86_64\bin\server\jvm.dll
0x00007ffb1a210000 - 0x00007ffb1a2be000 	C:\Windows\System32\ADVAPI32.dll
0x00007ffb1acf0000 - 0x00007ffb1ad8c000 	C:\Windows\System32\sechost.dll
0x00007ffb1a2c0000 - 0x00007ffb1a3e5000 	C:\Windows\System32\RPCRT4.dll
0x00007ffb19920000 - 0x00007ffb19928000 	C:\Windows\System32\PSAPI.DLL
0x00007ffb034b0000 - 0x00007ffb034d7000 	C:\Windows\SYSTEM32\WINMM.dll
0x00007ffb0ee00000 - 0x00007ffb0ee0a000 	C:\Windows\SYSTEM32\VERSION.dll
0x00007ffaffcb0000 - 0x00007ffaffcb9000 	C:\Windows\SYSTEM32\WSOCK32.dll
0x00007ffb1a590000 - 0x00007ffb1a5fb000 	C:\Windows\System32\WS2_32.dll
0x00007ffb17820000 - 0x00007ffb17832000 	C:\Windows\SYSTEM32\kernel.appcore.dll
0x00007ffb08a90000 - 0x00007ffb08a9a000 	c:\Users\g2757\.vscode\extensions\redhat.java-1.4.0\jre\17.0.2-win32-x86_64\bin\jimage.dll
0x00007ffb13ba0000 - 0x00007ffb13d84000 	C:\Windows\SYSTEM32\DBGHELP.DLL
0x00007ffafd7a0000 - 0x00007ffafd7cc000 	C:\Windows\SYSTEM32\dbgcore.DLL
0x00007ffb19330000 - 0x00007ffb193b2000 	C:\Windows\System32\bcryptPrimitives.dll
0x00007ffb08a20000 - 0x00007ffb08a45000 	c:\Users\g2757\.vscode\extensions\redhat.java-1.4.0\jre\17.0.2-win32-x86_64\bin\java.dll
0x00007ffb005e0000 - 0x00007ffb005f8000 	c:\Users\g2757\.vscode\extensions\redhat.java-1.4.0\jre\17.0.2-win32-x86_64\bin\zip.dll
0x00007ffb1ae90000 - 0x00007ffb1b5d4000 	C:\Windows\System32\SHELL32.dll
0x00007ffb17020000 - 0x00007ffb177b4000 	C:\Windows\SYSTEM32\windows.storage.dll
0x00007ffb1a980000 - 0x00007ffb1acd4000 	C:\Windows\System32\combase.dll
0x00007ffb188c0000 - 0x00007ffb188ec000 	C:\Windows\SYSTEM32\Wldp.dll
0x00007ffb19870000 - 0x00007ffb1991d000 	C:\Windows\System32\SHCORE.dll
0x00007ffb19fc0000 - 0x00007ffb1a015000 	C:\Windows\System32\shlwapi.dll
0x00007ffb18e70000 - 0x00007ffb18e8f000 	C:\Windows\SYSTEM32\profapi.dll
0x00007ffafffa0000 - 0x00007ffafffb9000 	C:\Users\g2757\.vscode\extensions\redhat.java-1.4.0\jre\17.0.2-win32-x86_64\bin\net.dll
0x00007ffb03aa0000 - 0x00007ffb03ba9000 	C:\Windows\SYSTEM32\WINHTTP.dll
0x00007ffb18620000 - 0x00007ffb1868a000 	C:\Windows\system32\mswsock.dll
0x00007ffaf45e0000 - 0x00007ffaf45f5000 	C:\Users\g2757\.vscode\extensions\redhat.java-1.4.0\jre\17.0.2-win32-x86_64\bin\nio.dll
0x00007ffb0fd90000 - 0x00007ffb0fda0000 	c:\Users\g2757\.vscode\extensions\redhat.java-1.4.0\jre\17.0.2-win32-x86_64\bin\verify.dll
0x00007ffb0a3e0000 - 0x00007ffb0a3e9000 	C:\Users\g2757\.vscode\extensions\redhat.java-1.4.0\jre\17.0.2-win32-x86_64\bin\management.dll
0x00007ffb08a10000 - 0x00007ffb08a1b000 	C:\Users\g2757\.vscode\extensions\redhat.java-1.4.0\jre\17.0.2-win32-x86_64\bin\management_ext.dll
0x00007ffaf91a0000 - 0x00007ffaf91b7000 	C:\Windows\system32\napinsp.dll
0x00007ffaf9180000 - 0x00007ffaf919b000 	C:\Windows\system32\pnrpnsp.dll
0x00007ffb10870000 - 0x00007ffb10885000 	C:\Windows\system32\wshbth.dll
0x00007ffb113d0000 - 0x00007ffb113ed000 	C:\Windows\system32\NLAapi.dll
0x00007ffb18310000 - 0x00007ffb1834b000 	C:\Windows\SYSTEM32\IPHLPAPI.DLL
0x00007ffb18350000 - 0x00007ffb1841a000 	C:\Windows\SYSTEM32\DNSAPI.dll
0x00007ffb1ace0000 - 0x00007ffb1ace8000 	C:\Windows\System32\NSI.dll
0x00007ffaf9160000 - 0x00007ffaf9172000 	C:\Windows\System32\winrnr.dll
0x00007ffb02f90000 - 0x00007ffb02f9a000 	C:\Windows\System32\rasadhlp.dll
0x00007ffb03090000 - 0x00007ffb0310f000 	C:\Windows\System32\fwpuclnt.dll
0x00007ffb19090000 - 0x00007ffb190b7000 	C:\Windows\System32\bcrypt.dll
0x00007ffb18810000 - 0x00007ffb18828000 	C:\Windows\SYSTEM32\CRYPTSP.dll
0x00007ffb17fa0000 - 0x00007ffb17fd4000 	C:\Windows\system32\rsaenh.dll
0x00007ffb18e30000 - 0x00007ffb18e5e000 	C:\Windows\SYSTEM32\USERENV.dll
0x00007ffb18830000 - 0x00007ffb1883c000 	C:\Windows\SYSTEM32\CRYPTBASE.dll
0x00007ffb0d110000 - 0x00007ffb0d127000 	C:\Windows\SYSTEM32\dhcpcsvc6.DLL
0x00007ffb0d490000 - 0x00007ffb0d4ad000 	C:\Windows\SYSTEM32\dhcpcsvc.DLL
0x00007ffb08710000 - 0x00007ffb08719000 	C:\Users\g2757\.vscode\extensions\redhat.java-1.4.0\jre\17.0.2-win32-x86_64\bin\attach.dll

dbghelp: loaded successfully - version: 4.0.5 - missing functions: none
symbol engine: initialized successfully - sym options: 0x614 - pdb path: .;c:\Users\g2757\.vscode\extensions\redhat.java-1.4.0\jre\17.0.2-win32-x86_64\bin;C:\Windows\SYSTEM32;C:\Windows\WinSxS\amd64_microsoft.windows.common-controls_6595b64144ccf1df_6.0.19041.1110_none_60b5254171f9507e;c:\Users\g2757\.vscode\extensions\redhat.java-1.4.0\jre\17.0.2-win32-x86_64\bin\server

VM Arguments:
jvm_args: -Dsts.lsp.client=vscode -Dsts.log.file=/dev/null -XX:TieredStopAtLevel=1 -Dspring.config.location=file:c:\Users\g2757\.vscode\extensions\pivotal.vscode-spring-boot-1.32.0\language-server\BOOT-INF\classes\application.properties 
java_command: org.springframework.ide.vscode.boot.app.BootLanguageServerBootApp
java_class_path (initial): c:\Users\g2757\.vscode\extensions\pivotal.vscode-spring-boot-1.32.0\language-server\BOOT-INF\classes;c:\Users\g2757\.vscode\extensions\pivotal.vscode-spring-boot-1.32.0\language-server\BOOT-INF\lib\antlr4-runtime-4.5.3.jar;c:\Users\g2757\.vscode\extensions\pivotal.vscode-spring-boot-1.32.0\language-server\BOOT-INF\lib\byte-buddy-1.10.18.jar;c:\Users\g2757\.vscode\extensions\pivotal.vscode-spring-boot-1.32.0\language-server\BOOT-INF\lib\commons-codec-1.14.jar;c:\Users\g2757\.vscode\extensions\pivotal.vscode-spring-boot-1.32.0\language-server\BOOT-INF\lib\commons-io-2.4.jar;c:\Users\g2757\.vscode\extensions\pivotal.vscode-spring-boot-1.32.0\language-server\BOOT-INF\lib\commons-java-1.32.0-SNAPSHOT.jar;c:\Users\g2757\.vscode\extensions\pivotal.vscode-spring-boot-1.32.0\language-server\BOOT-INF\lib\commons-lang3-3.10.jar;c:\Users\g2757\.vscode\extensions\pivotal.vscode-spring-boot-1.32.0\language-server\BOOT-INF\lib\commons-language-server-1.32.0-SNAPSHOT.jar;c:\Users\g2757\.vscode\extensions\pivotal.vscode-spring-boot-1.32.0\language-server\BOOT-INF\lib\commons-lsp-extensions-1.32.0-SNAPSHOT.jar;c:\Users\g2757\.vscode\extensions\pivotal.vscode-spring-boot-1.32.0\language-server\BOOT-INF\lib\commons-util-1.32.0-SNAPSHOT.jar;c:\Users\g2757\.vscode\extensions\pivotal.vscode-spring-boot-1.32.0\language-server\BOOT-INF\lib\commons-yaml-1.32.0-SNAPSHOT.jar;c:\Users\g2757\.vscode\extensions\pivotal.vscode-spring-boot-1.32.0\language-server\BOOT-INF\lib\gson-2.8.6.jar;c:\Users\g2757\.vscode\extensions\pivotal.vscode-spring-boot-1.32.0\language-server\BOOT-INF\lib\guava-19.0.jar;c:\Users\g2757\.vscode\extensions\pivotal.vscode-spring-boot-1.32.0\language-server\BOOT-INF\lib\jakarta.annotation-api-1.3.5.jar;c:\Users\g2757\.vscode\extensions\pivotal.vscode-spring-boot-1.32.0\language-server\BOOT-INF\lib\jandex-2.0.5.Final.jar;c:\Users\g2757\.vscode\extensions\pivotal.vscode-spring-boot-1.32.0\language-server\BOOT-INF\lib\java-properties-1.32.0-SNAPSHO
Launcher Type: SUN_STANDARD

[Global flags]
     intx CICompilerCount                          = 4                                         {product} {ergonomic}
     uint ConcGCThreads                            = 2                                         {product} {ergonomic}
     uint G1ConcRefinementThreads                  = 8                                         {product} {ergonomic}
   size_t G1HeapRegionSize                         = 1048576                                   {product} {ergonomic}
    uintx GCDrainStackTargetSize                   = 64                                        {product} {ergonomic}
   size_t InitialHeapSize                          = 132120576                                 {product} {ergonomic}
   size_t MarkStackSize                            = 4194304                                   {product} {ergonomic}
   size_t MaxHeapSize                              = 2111832064                                {product} {ergonomic}
   size_t MaxNewSize                               = 1266679808                                {product} {ergonomic}
   size_t MinHeapDeltaBytes                        = 1048576                                   {product} {ergonomic}
   size_t MinHeapSize                              = 8388608                                   {product} {ergonomic}
    uintx NonProfiledCodeHeapSize                  = 0                                      {pd product} {ergonomic}
     bool ProfileInterpreter                       = false                                  {pd product} {command line}
    uintx ProfiledCodeHeapSize                     = 0                                      {pd product} {ergonomic}
   size_t SoftMaxHeapSize                          = 2111832064                             {manageable} {ergonomic}
     intx TieredStopAtLevel                        = 1                                         {product} {command line}
     bool UseCompressedClassPointers               = true                           {product lp64_product} {ergonomic}
     bool UseCompressedOops                        = true                           {product lp64_product} {ergonomic}
     bool UseG1GC                                  = true                                      {product} {ergonomic}
     bool UseLargePagesIndividualAllocation        = false                                  {pd product} {ergonomic}

Logging:
Log output configuration:
 #0: stdout all=warning uptime,level,tags
 #1: stderr all=off uptime,level,tags

Environment Variables:
JAVA_HOME=C:\Program Files\Eclipse Adoptium\jdk-11.0.14.101-hotspot\
PATH=C:\Users\g2757\bin;C:\Program Files\Git\mingw64\bin;C:\Program Files\Git\usr\local\bin;C:\Program Files\Git\usr\bin;C:\Program Files\Git\usr\bin;C:\Program Files\Git\mingw64\bin;C:\Program Files\Git\usr\bin;C:\Users\g2757\bin;C:\ProgramData\Oracle\Java\javapath;C:\Program Files\Eclipse Adoptium\jdk-11.0.14.101-hotspot\bin;C:\Windows\system32;C:\Windows;C:\Windows\System32\Wbem;C:\Windows\System32\WindowsPowerShell\v1.0;C:\Windows\System32\OpenSSH;C:\Program Files (x86)\Intel\Intel(R) Management Engine Components\DAL;C:\Program Files\Intel\Intel(R) Management Engine Components\DAL;C:\Program Files\Java\jdk-16.0.2\bin;C:\Program Files\Git\cmd;C:\ProgramData\UNIVALI\Portugol Studio;C:\Program Files\nodejs;C:\Users\g2757\AppData\Local\Microsoft\WindowsApps;C:\Users\g2757\AppData\Local\Programs\Microsoft VS Code\bin;C:\Users\g2757\AppData\Roaming\npm;C:\Program Files\heroku\bin;C:\Program Files\Git\usr\bin\vendor_perl;C:\Program Files\Git\usr\bin\core_perl
USERNAME=Saturno
SHELL=C:\Program Files\Git\usr\bin\bash.exe
DISPLAY=needs-to-be-defined
LC_CTYPE=pt_BR.UTF-8
OS=Windows_NT
PROCESSOR_IDENTIFIER=Intel64 Family 6 Model 142 Stepping 10, GenuineIntel



---------------  S Y S T E M  ---------------

OS:
 Windows 10 , 64 bit Build 19041 (10.0.19041.1566)
OS uptime: 5 days 1:02 hours

CPU: total 8 (initial active 8) (4 cores per cpu, 2 threads per core) family 6 model 142 stepping 10 microcode 0xe0, cx8, cmov, fxsr, ht, mmx, 3dnowpref, sse, sse2, sse3, ssse3, sse4.1, sse4.2, popcnt, lzcnt, tsc, tscinvbit, avx, avx2, aes, erms, clmul, bmi1, bmi2, adx, fma, vzeroupper, clflush, clflushopt

Memory: 4k page, system-wide physical 8050M (707M free)
TotalPageFile size 12146M (AvailPageFile size 9M)
current process WorkingSet (physical memory assigned to process): 56M, peak: 184M
current process commit charge ("private bytes"): 200M, peak: 229M

vm_info: OpenJDK 64-Bit Server VM (17.0.2+8) for windows-amd64 JRE (17.0.2+8), built on Jan 20 2022 04:52:34 by "" with MS VC++ 16.7 (VS2019)

END.
